<?xml version="1.0" encoding="UTF-8"?>
<!-- Generated by org.testng.reporters.JUnitXMLReporter -->
<testsuite hostname="sony-VAIO" name="TC002_Get_Employee_Record" tests="10" failures="3" timestamp="12 Nov 2019 17:34:50 GMT" time="2.081" errors="0">
  <testcase name="checkResponseBody" time="0.067" classname="com.restAssuredTestCases.TC002_Get_Employee_Record"/>
  <testcase name="checkStatusCode" time="0.102" classname="com.restAssuredTestCases.TC002_Get_Employee_Record"/>
  <testcase name="checkResponseTime" time="0.0" classname="com.restAssuredTestCases.TC002_Get_Employee_Record">
    <skipped/>
  </testcase> <!-- checkResponseTime -->
  <testcase name="checkResponseTime" time="0.032" classname="com.restAssuredTestCases.TC002_Get_Employee_Record">
    <failure type="java.lang.AssertionError" message="expected [true] but found [false]">
      <![CDATA[java.lang.AssertionError: expected [true] but found [false]
	at com.restAssuredTestCases.TC002_Get_Employee_Record.checkResponseTime(TC002_Get_Employee_Record.java:53)
... Removed 29 stack frames]]>
    </failure>
  </testcase> <!-- checkResponseTime -->
  <testcase name="checkStatusLine" time="0.015" classname="com.restAssuredTestCases.TC002_Get_Employee_Record"/>
  <testcase name="checkContentType" time="0.0" classname="com.restAssuredTestCases.TC002_Get_Employee_Record"/>
  <testcase name="checkServerTytpe" time="0.0" classname="com.restAssuredTestCases.TC002_Get_Employee_Record">
    <skipped/>
  </testcase> <!-- checkServerTytpe -->
  <testcase name="checkServerTytpe" time="0.016" classname="com.restAssuredTestCases.TC002_Get_Employee_Record">
    <failure type="java.lang.AssertionError" message="expected [nginx/1.14.1] but found [nginx/1.16.0]">
      <![CDATA[java.lang.AssertionError: expected [nginx/1.14.1] but found [nginx/1.16.0]
	at com.restAssuredTestCases.TC002_Get_Employee_Record.checkServerTytpe(TC002_Get_Employee_Record.java:80)
... Removed 31 stack frames]]>
    </failure>
  </testcase> <!-- checkServerTytpe -->
  <testcase name="checkContentLength" time="0.0" classname="com.restAssuredTestCases.TC002_Get_Employee_Record">
    <skipped/>
  </testcase> <!-- checkContentLength -->
  <testcase name="checkContentLength" time="0.062" classname="com.restAssuredTestCases.TC002_Get_Employee_Record">
    <failure type="java.lang.AssertionError" message="expected [true] but found [false]">
      <![CDATA[java.lang.AssertionError: expected [true] but found [false]
	at com.restAssuredTestCases.TC002_Get_Employee_Record.checkContentLength(TC002_Get_Employee_Record.java:93)
... Removed 29 stack frames]]>
    </failure>
  </testcase> <!-- checkContentLength -->
</testsuite> <!-- TC002_Get_Employee_Record -->
